build/app/outputs/mapping/release/seeds.txt
com.example.videoder21.MainActivity
com.example.videoder21.MainActivity: MainActivity()
...
io.flutter.embedding.engine.mutatorsstack.FlutterMutatorsStack: android.graphics.Matrix finalMatrix
io.flutter.embedding.engine.FlutterJNI: void nativeDispatchPlatformMessage(long,java.lang.String,java.nio.ByteBuffer,int,int)
io.flutter.embedding.engine.FlutterJNI: void setDeferredComponentManager(io.flutter.embedding.engine.deferredcomponents.DeferredComponentManager)
androidx.appcompat.widget.ActionBarContainer: void setSplitBackground(android.graphics.drawable.Drawable)
io.flutter.embedding.engine.systemchannels.SettingsChannel$PlatformBrightness: io.flutter.embedding.engine.systemchannels.SettingsChannel$PlatformBrightness valueOf(java.lang.String)
androidx.vectordrawable.graphics.drawable.VectorDrawableCompat$VFullPath: int getStrokeColor()
org.chromium.support_lib_boundary.SafeBrowsingResponseBoundaryInterface: void backToSafety(boolean)
io.flutter.embedding.engine.FlutterJNI: void ensureNotAttachedToNative()
org.chromium.support_lib_boundary.SafeBrowsingResponseBoundaryInterface: void proceed(boolean)
androidx.appcompat.widget.ViewStubCompat: void setVisibility(int)
androidx.appcompat.view.menu.ActionMenuItemView: void setChecked(boolean)
androidx.appcompat.widget.SearchView: int getMaxWidth()
androidx.webkit.internal.WebViewFeatureInternal: androidx.webkit.internal.WebViewFeatureInternal[] values()
androidx.appcompat.widget.Toolbar: void setPopupTheme(int)
io.flutter.embedding.android.FlutterView$ZeroSides: io.flutter.embedding.android.FlutterView$ZeroSides valueOf(java.lang.String)
io.flutter.embedding.engine.renderer.SurfaceTextureWrapper: SurfaceTextureWrapper(android.graphics.SurfaceTexture)
org.chromium.support_lib_boundary.WebkitToCompatConverterBoundaryInterface: java.lang.reflect.InvocationHandler convertSafeBrowsingResponse(java.lang.Object)
androidx.appcompat.widget.Toolbar$SavedState: android.os.Parcelable$Creator CREATOR
androidx.appcompat.widget.DropDownListView: void setListSelectionHidden(boolean)
io.flutter.plugin.editing.ImeSyncDeferringInsetsCallback: android.view.WindowInsets access$400(io.flutter.plugin.editing.ImeSyncDeferringInsetsCallback)
androidx.appcompat.widget.SearchView$SavedState: android.os.Parcelable$Creator CREATOR
io.flutter.plugin.editing.ImeSyncDeferringInsetsCallback: int overlayInsetTypes
io.flutter.embedding.engine.mutatorsstack.FlutterMutatorsStack: void pushClipRect(int,int,int,int)
org.chromium.support_lib_boundary.ServiceWorkerWebSettingsBoundaryInterface
androidx.appcompat.widget.SearchView: int getSuggestionRowLayout()
androidx.appcompat.widget.AppCompatImageView: void setSupportImageTintList(android.content.res.ColorStateList)
org.chromium.support_lib_boundary.VisualStateCallbackBoundaryInterface
io.flutter.embedding.engine.FlutterJNI: void nativeSetSemanticsEnabled(long,boolean)
androidx.appcompat.widget.AppCompatEditText: android.text.Editable getText()
io.flutter.view.FlutterCallbackInformation: java.lang.String callbackClassName
androidx.core.widget.NestedScrollView: float getTopFadingEdgeStrength()
org.chromium.support_lib_boundary.WebkitToCompatConverterBoundaryInterface: java.lang.reflect.InvocationHandler convertWebResourceRequest(android.webkit.WebResourceRequest)
io.flutter.plugin.platform.SingleViewPresentation: io.flutter.plugin.platform.SingleViewPresentation$AccessibilityDelegatingFrameLayout rootView
androidx.appcompat.view.menu.ListMenuItemView
androidx.appcompat.widget.ViewStubCompat: ViewStubCompat(android.content.Context,android.util.AttributeSet)
org.chromium.support_lib_boundary.FeatureFlagHolderBoundaryInterface: java.lang.String[] getSupportedFeatures()
io.flutter.embedding.engine.FlutterJNI: void nativeDeferredComponentInstallFailure(int,java.lang.String,boolean)
androidx.appcompat.widget.ViewStubCompat: void setLayoutInflater(android.view.LayoutInflater)
io.flutter.embedding.engine.FlutterOverlaySurface: int getId()
androidx.appcompat.widget.AppCompatSpinner: android.graphics.PorterDuff$Mode getSupportBackgroundTintMode()