build/app/outputs/mapping/release/usage.txt
com.example.videoder21.R$integer
com.example.videoder21.R$bool
com.example.videoder21.R$styleable
com.example.videoder21.R$color
com.example.videoder21.R$id
com.example.videoder21.BuildConfig
com.example.videoder21.R
com.example.videoder21.R$drawable
com.example.videoder21.R$layout
com.example.videoder21.R$string
com.example.videoder21.R$dimen
com.example.videoder21.R$attr
com.example.videoder21.R$anim
com.example.videoder21.R$mipmap
com.example.videoder21.R$style
...
kotlin.text.Regex$fromInt$$inlined$apply$lambda$1
kotlin.jvm.internal.PropertyReference0Impl
androidx.slidingpanelayout.R$integer
androidx.coordinatorlayout.widget.CoordinatorLayout$ViewElevationComparator
androidx.lifecycle.LiveData$LifecycleBoundObserver:
    void <init>(androidx.lifecycle.LiveData,androidx.lifecycle.LifecycleOwner,androidx.lifecycle.Observer)
    boolean isAttachedTo(androidx.lifecycle.LifecycleOwner)
    void detachObserver()
androidx.appcompat.widget.ListPopupWindow$1
androidx.asynclayoutinflater.view.AsyncLayoutInflater$OnInflateFinishedListener
kotlin.random.KotlinRandom
kotlin.collections.SlidingWindowKt
kotlin.Result$Failure
kotlin.jvm.internal.CallableReference$NoReceiver
androidx.viewpager.widget.ViewPager$4
kotlin.collections.AbstractSet
androidx.slidingpanelayout.R$drawable
kotlin.time.Clock
kotlin.comparisons.ComparisonsKt__ComparisonsKt$thenBy$2
androidx.appcompat.view.SupportActionModeWrapper$CallbackWrapper
androidx.loader.R$dimen
com.destinyed.flutter_youtube_downloader.R$id
androidx.lifecycle.Transformations$2$1
kotlin.ranges.ClosedFloatingPointRange
androidx.viewpager.widget.PagerTitleStrip$PageListener
androidx.core.view.KeyEventDispatcher$Component
kotlin.comparisons.ComparisonsKt__ComparisonsKt$then$1
io.flutter.view.AccessibilityBridge:
    public int getHoveredObjectId()
    public void reset()
    private static final java.lang.String TAG
    private static final int ACTION_SHOW_ON_SCREEN
    private static final float SCROLL_EXTENT_FOR_INFINITY
    private static final float SCROLL_POSITION_CAP_FOR_INFINITY
    private static final int ROOT_NODE_ID
    private static final int MIN_ENGINE_GENERATED_NODE_ID
androidx.appcompat.app.ActionBar$DisplayOptions
kotlin.NumbersKt
io.flutter.plugin.common.EventChannel$StreamHandler
kotlin.jvm.internal.Ref$DoubleRef
org.intellij.lang.annotations.JdkConstants$InputEventMask
kotlin.annotation.AnnotationTarget
androidx.appcompat.widget.ActionMenuPresenter$SavedState$1
androidx.appcompat.app.ActionBar$OnMenuVisibilityListener
androidx.appcompat.widget.ActivityChooserModel$ActivityResolveInfo
androidx.fragment.app.FragmentTransitionImpl$3
org.intellij.lang.annotations.JdkConstants$HorizontalAlignment
androidx.swiperefreshlayout.widget.SwipeRefreshLayout$OnRefreshListener
androidx.annotation.RequiresFeature
kotlin.ResultKt
androidx.webkit.WebMessageCompat
androidx.core.os.ParcelCompat
androidx.core.view.ViewPropertyAnimatorUpdateListener
androidx.webkit.internal.WebViewFeatureInternal:
    public static java.lang.String[] getWebViewApkFeaturesForTesting()
androidx.swiperefreshlayout.R$integer
androidx.annotation.Px
androidx.legacy.app.ActionBarDrawerToggle$SlideDrawable
kotlin.jvm.internal.MutablePropertyReference2
androidx.customview.widget.ViewDragHelper$Callback
androidx.appcompat.widget.AppCompatImageButton:
    public void <init>(android.content.Context)
    public void <init>(android.content.Context,android.util.AttributeSet)
androidx.vectordrawable.R$color